<?xml version="1.0" encoding="UTF-8"?>
<!-- Generated by org.testng.reporters.JUnitReportReporter -->
<testsuite hostname="Chamellys_Lapto" failures="0" tests="2" name="ecommerce.TestRunner.EcommerceTestRunner" time="0.050" errors="0" timestamp="2024-06-08T20:29:46 EDT" skipped="0">
  <testcase classname="ecommerce.TestRunner.EcommerceTestRunner" name="feature" time="0.048"/>
  <system-out/>
  <testcase classname="ecommerce.TestRunner.EcommerceTestRunner" name="feature" time="0.002"/>
  <system-out/>
</testsuite> <!-- ecommerce.TestRunner.EcommerceTestRunner -->
